  NetworkManager.cpp
     Creating library C:\Users\vedant.chaudhari\Desktop\egp-networking-base-2018-09\EGP Networking Base FW\lib\x64\v141\Debug\egp-net-plugin-Unity.lib and object C:\Users\vedant.chaudhari\Desktop\egp-networking-base-2018-09\EGP Networking Base FW\lib\x64\v141\Debug\egp-net-plugin-Unity.exp
RakNet.lib(BitStream.obj) : warning LNK4099: PDB 'RakNet.pdb' was not found with 'RakNet.lib(BitStream.obj)' or at 'C:\Users\vedant.chaudhari\Desktop\egp-networking-base-2018-09\EGP Networking Base FW\lib\x64\v141\Debug\RakNet.pdb'; linking object as if no debug info
RakNet.lib(CCRakNetSlidingWindow.obj) : warning LNK4099: PDB 'RakNet.pdb' was not found with 'RakNet.lib(CCRakNetSlidingWindow.obj)' or at 'C:\Users\vedant.chaudhari\Desktop\egp-networking-base-2018-09\EGP Networking Base FW\lib\x64\v141\Debug\RakNet.pdb'; linking object as if no debug info
RakNet.lib(DR_SHA1.obj) : warning LNK4099: PDB 'RakNet.pdb' was not found with 'RakNet.lib(DR_SHA1.obj)' or at 'C:\Users\vedant.chaudhari\Desktop\egp-networking-base-2018-09\EGP Networking Base FW\lib\x64\v141\Debug\RakNet.pdb'; linking object as if no debug info
RakNet.lib(DS_ByteQueue.obj) : warning LNK4099: PDB 'RakNet.pdb' was not found with 'RakNet.lib(DS_ByteQueue.obj)' or at 'C:\Users\vedant.chaudhari\Desktop\egp-networking-base-2018-09\EGP Networking Base FW\lib\x64\v141\Debug\RakNet.pdb'; linking object as if no debug info
RakNet.lib(DS_HuffmanEncodingTree.obj) : warning LNK4099: PDB 'RakNet.pdb' was not found with 'RakNet.lib(DS_HuffmanEncodingTree.obj)' or at 'C:\Users\vedant.chaudhari\Desktop\egp-networking-base-2018-09\EGP Networking Base FW\lib\x64\v141\Debug\RakNet.pdb'; linking object as if no debug info
RakNet.lib(GetTime.obj) : warning LNK4099: PDB 'RakNet.pdb' was not found with 'RakNet.lib(GetTime.obj)' or at 'C:\Users\vedant.chaudhari\Desktop\egp-networking-base-2018-09\EGP Networking Base FW\lib\x64\v141\Debug\RakNet.pdb'; linking object as if no debug info
RakNet.lib(Itoa.obj) : warning LNK4099: PDB 'RakNet.pdb' was not found with 'RakNet.lib(Itoa.obj)' or at 'C:\Users\vedant.chaudhari\Desktop\egp-networking-base-2018-09\EGP Networking Base FW\lib\x64\v141\Debug\RakNet.pdb'; linking object as if no debug info
RakNet.lib(LocklessTypes.obj) : warning LNK4099: PDB 'RakNet.pdb' was not found with 'RakNet.lib(LocklessTypes.obj)' or at 'C:\Users\vedant.chaudhari\Desktop\egp-networking-base-2018-09\EGP Networking Base FW\lib\x64\v141\Debug\RakNet.pdb'; linking object as if no debug info
RakNet.lib(PluginInterface2.obj) : warning LNK4099: PDB 'RakNet.pdb' was not found with 'RakNet.lib(PluginInterface2.obj)' or at 'C:\Users\vedant.chaudhari\Desktop\egp-networking-base-2018-09\EGP Networking Base FW\lib\x64\v141\Debug\RakNet.pdb'; linking object as if no debug info
RakNet.lib(RakMemoryOverride.obj) : warning LNK4099: PDB 'RakNet.pdb' was not found with 'RakNet.lib(RakMemoryOverride.obj)' or at 'C:\Users\vedant.chaudhari\Desktop\egp-networking-base-2018-09\EGP Networking Base FW\lib\x64\v141\Debug\RakNet.pdb'; linking object as if no debug info
RakNet.lib(RakNetSocket2.obj) : warning LNK4099: PDB 'RakNet.pdb' was not found with 'RakNet.lib(RakNetSocket2.obj)' or at 'C:\Users\vedant.chaudhari\Desktop\egp-networking-base-2018-09\EGP Networking Base FW\lib\x64\v141\Debug\RakNet.pdb'; linking object as if no debug info
RakNet.lib(RakNetTypes.obj) : warning LNK4099: PDB 'RakNet.pdb' was not found with 'RakNet.lib(RakNetTypes.obj)' or at 'C:\Users\vedant.chaudhari\Desktop\egp-networking-base-2018-09\EGP Networking Base FW\lib\x64\v141\Debug\RakNet.pdb'; linking object as if no debug info
RakNet.lib(RakPeer.obj) : warning LNK4099: PDB 'RakNet.pdb' was not found with 'RakNet.lib(RakPeer.obj)' or at 'C:\Users\vedant.chaudhari\Desktop\egp-networking-base-2018-09\EGP Networking Base FW\lib\x64\v141\Debug\RakNet.pdb'; linking object as if no debug info
RakNet.lib(RakSleep.obj) : warning LNK4099: PDB 'RakNet.pdb' was not found with 'RakNet.lib(RakSleep.obj)' or at 'C:\Users\vedant.chaudhari\Desktop\egp-networking-base-2018-09\EGP Networking Base FW\lib\x64\v141\Debug\RakNet.pdb'; linking object as if no debug info
RakNet.lib(RakString.obj) : warning LNK4099: PDB 'RakNet.pdb' was not found with 'RakNet.lib(RakString.obj)' or at 'C:\Users\vedant.chaudhari\Desktop\egp-networking-base-2018-09\EGP Networking Base FW\lib\x64\v141\Debug\RakNet.pdb'; linking object as if no debug info
RakNet.lib(RakThread.obj) : warning LNK4099: PDB 'RakNet.pdb' was not found with 'RakNet.lib(RakThread.obj)' or at 'C:\Users\vedant.chaudhari\Desktop\egp-networking-base-2018-09\EGP Networking Base FW\lib\x64\v141\Debug\RakNet.pdb'; linking object as if no debug info
RakNet.lib(Rand.obj) : warning LNK4099: PDB 'RakNet.pdb' was not found with 'RakNet.lib(Rand.obj)' or at 'C:\Users\vedant.chaudhari\Desktop\egp-networking-base-2018-09\EGP Networking Base FW\lib\x64\v141\Debug\RakNet.pdb'; linking object as if no debug info
RakNet.lib(ReliabilityLayer.obj) : warning LNK4099: PDB 'RakNet.pdb' was not found with 'RakNet.lib(ReliabilityLayer.obj)' or at 'C:\Users\vedant.chaudhari\Desktop\egp-networking-base-2018-09\EGP Networking Base FW\lib\x64\v141\Debug\RakNet.pdb'; linking object as if no debug info
RakNet.lib(SignaledEvent.obj) : warning LNK4099: PDB 'RakNet.pdb' was not found with 'RakNet.lib(SignaledEvent.obj)' or at 'C:\Users\vedant.chaudhari\Desktop\egp-networking-base-2018-09\EGP Networking Base FW\lib\x64\v141\Debug\RakNet.pdb'; linking object as if no debug info
RakNet.lib(SimpleMutex.obj) : warning LNK4099: PDB 'RakNet.pdb' was not found with 'RakNet.lib(SimpleMutex.obj)' or at 'C:\Users\vedant.chaudhari\Desktop\egp-networking-base-2018-09\EGP Networking Base FW\lib\x64\v141\Debug\RakNet.pdb'; linking object as if no debug info
RakNet.lib(SocketLayer.obj) : warning LNK4099: PDB 'RakNet.pdb' was not found with 'RakNet.lib(SocketLayer.obj)' or at 'C:\Users\vedant.chaudhari\Desktop\egp-networking-base-2018-09\EGP Networking Base FW\lib\x64\v141\Debug\RakNet.pdb'; linking object as if no debug info
RakNet.lib(StringCompressor.obj) : warning LNK4099: PDB 'RakNet.pdb' was not found with 'RakNet.lib(StringCompressor.obj)' or at 'C:\Users\vedant.chaudhari\Desktop\egp-networking-base-2018-09\EGP Networking Base FW\lib\x64\v141\Debug\RakNet.pdb'; linking object as if no debug info
RakNet.lib(StringTable.obj) : warning LNK4099: PDB 'RakNet.pdb' was not found with 'RakNet.lib(StringTable.obj)' or at 'C:\Users\vedant.chaudhari\Desktop\egp-networking-base-2018-09\EGP Networking Base FW\lib\x64\v141\Debug\RakNet.pdb'; linking object as if no debug info
RakNet.lib(SuperFastHash.obj) : warning LNK4099: PDB 'RakNet.pdb' was not found with 'RakNet.lib(SuperFastHash.obj)' or at 'C:\Users\vedant.chaudhari\Desktop\egp-networking-base-2018-09\EGP Networking Base FW\lib\x64\v141\Debug\RakNet.pdb'; linking object as if no debug info
RakNet.lib(TCPInterface.obj) : warning LNK4099: PDB 'RakNet.pdb' was not found with 'RakNet.lib(TCPInterface.obj)' or at 'C:\Users\vedant.chaudhari\Desktop\egp-networking-base-2018-09\EGP Networking Base FW\lib\x64\v141\Debug\RakNet.pdb'; linking object as if no debug info
RakNet.lib(WSAStartupSingleton.obj) : warning LNK4099: PDB 'RakNet.pdb' was not found with 'RakNet.lib(WSAStartupSingleton.obj)' or at 'C:\Users\vedant.chaudhari\Desktop\egp-networking-base-2018-09\EGP Networking Base FW\lib\x64\v141\Debug\RakNet.pdb'; linking object as if no debug info
  egp-net-plugin-Unity.vcxproj -> C:\Users\vedant.chaudhari\Desktop\egp-networking-base-2018-09\EGP Networking Base FW\lib\x64\v141\Debug\egp-net-plugin-Unity.dll
  C:\Users\vedant.chaudhari\Desktop\egp-networking-base-2018-09\EGP Networking Base FW\lib\x64\v141\Debug\egp-net-plugin-Unity.dll
  1 File(s) copied
